TestReport

TestVersion,v0.1.0
PartNumber,AutoPartNum
STM32 UID,[AUTOMATIC]
DateTime,26-01-03_15-32-07
CpuTemp,48.8
Duration,0.182,s

1,TESTS PASSED
0,TESTS FAILED
0,ASSERTIONS FAILED

TID:A#,Test Steps / Assertions,Criteria,Min,Measurement,Max,Units,Result,Step-Time,Procedure-Time,Notes
1,DUT Detection,,,,,,PASS,0.182,0.158,
1::1,DUT 5V Sense,Min < x,0.25,0.36965399980545044,,,PASS
