TestReport

TestVersion,v0.1.0
PartNumber,RCTF-TT-TX-REVA
STM32 UID,[AUTOMATIC]
DateTime,26-01-03_15-56-21
CpuTemp,48.3
Duration,0.183,s

0,TESTS PASSED
1,TESTS FAILED
1,ASSERTIONS FAILED

TID:A#,Test Steps / Assertions,Criteria,Min,Measurement,Max,Units,Result,Step-Time,Procedure-Time,Notes
1,DUT Detection,,,,,,FAIL,0.183,0.158,
1::1,DUT 5V Sense,Min < x,0.25,0.0,,V,FAIL
2,DUT Power Up,,,,,,-,0,-,
