TestReport

TestVersion,v0.1.0
PartNumber,RCTF-TT-TX-REVA
STM32 UID,[AUTOMATIC]
DateTime,26-01-03_20-34-52
CpuTemp,43.3
Duration,1.626,s

2,TESTS PASSED
1,TESTS FAILED
1,ASSERTIONS FAILED

TID:A#,Test Steps / Assertions,Criteria,Min,Measurement,Max,Units,Result,Step-Time,Procedure-Time,Notes
1,DUT Detection,,,,,,PASS,0.209,0.184,
1::1,DUT 5V Sense,Min < x,0.25,0.3632001131772995,,V,PASS
2,DUT Power Up,,,,,,EXIT,1.417,0.328,
2::1,Measured Vdut,Min ≤ x ≤ Max,4.8,4.997499942779541,5.2,V,PASS
2::2,Measured Idut,Min ≤ x ≤ Max,0.001,0.006049999967217445,0.05,A,PASS
2::3,DUT 5V,Min ≤ x ≤ Max,4.2,4.6951528787612915,5.2,V,PASS
2::4,DUT 3V3,Min ≤ x ≤ Max,3.0,3.2553645372390747,3.6,V,PASS
3,Erase STM32,,,,,,PASS,0.029,0.029,
3::1,Erase Success,x is True,,True,,,PASS
4,Flash Bootchecker,,,,,,FAIL,1.045,1.045,
4::1,Bootchecker body flash,x is True,,False,,,FAIL
5,Flash Bootchecker,,,,,,-,0,-,
