TestReport

TestVersion,v0.1.0
PartNumber,RCTF-TT-TX-REVA
STM32 UID,[AUTOMATIC]
DateTime,26-01-03_16-16-41
CpuTemp,48.8
Duration,2.631,s

1,TESTS PASSED
1,TESTS FAILED
2,ASSERTIONS FAILED

TID:A#,Test Steps / Assertions,Criteria,Min,Measurement,Max,Units,Result,Step-Time,Procedure-Time,Notes
1,DUT Detection,,,,,,PASS,0.21,0.186,
1::1,DUT 5V Sense,Min < x,0.25,0.3695129156112671,,V,PASS
2,DUT Power Up,,,,,,EXIT,2.421,0.312,
2::1,Measured Vdut,Min ≤ x ≤ Max,4.8,5.002500057220459,5.2,V,PASS
2::2,Measured Idut,Min ≤ x ≤ Max,0.001,0.0034000000450760126,0.05,A,PASS
2::3,DUT 5V,Min ≤ x ≤ Max,4.2,4.726233243942261,5.2,V,PASS
2::4,DUT 3V3,Min ≤ x ≤ Max,3.0,3.2583807706832886,3.6,V,PASS
3,Flash Bootchecker,,,,,,FAIL,2.094,2.094,
3::1,Bootchecker body flash,x is True,,False,,,FAIL
3::2,Bootchecker vector flash,x is True,,False,,,FAIL
